<?xml version="1.0" encoding="UTF-8"?>
<testsuite name="Utest Register" tests="1" skipped="0" failures="0" errors="0" timestamp="2021-08-20T19:03:27" hostname="CHBOG7SLKT93" time="28.469">
  <properties/>
  <testcase name="Register in the platform utest" classname="Utest Register" time="28.469"/>
  <system-out><![CDATA[]]></system-out>
  <system-err><![CDATA[[Test worker] WARN net.thucydides.core.steps.BaseStepListener - stepStarted: net.thucydides.core.steps.ExecutedStepDescription@5bf46bc1
[Test worker] WARN net.thucydides.core.steps.BaseStepListener - stepStarted: net.thucydides.core.steps.ExecutedStepDescription@4514dac1
[Test worker] WARN net.thucydides.core.steps.BaseStepListener - stepStarted: net.thucydides.core.steps.ExecutedStepDescription@546d155c
ago 20, 2021 2:03:28 PM org.openqa.selenium.remote.DesiredCapabilities chrome
INFORMACIÓN: Using `new ChromeOptions()` is preferred to `DesiredCapabilities.chrome()`
[Test worker] INFO net.serenitybdd.core.webdriver.driverproviders.ProvideNewDriver - Instantiating driver
[Test worker] INFO net.serenitybdd.core.webdriver.driverproviders.ProvideNewDriver - Driver capabilities: Capabilities {acceptInsecureCerts: false, browserName: chrome, chrome.switches: --start-maximized, goog:chromeOptions: {args: [--start-maximized], extensions: []}, loggingPrefs: org.openqa.selenium.logging..., platform: ANY, version: }
Starting ChromeDriver 92.0.4515.107 (87a818b10553a07434ea9e2b6dccf3cbe7895134-refs/branch-heads/4515@{#1634}) on port 14350
Only local connections are allowed.
Please see https://chromedriver.chromium.org/security-considerations for suggestions on keeping ChromeDriver safe.
ChromeDriver was started successfully.
ago 20, 2021 2:03:30 PM org.openqa.selenium.remote.ProtocolHandshake createSession
INFORMACIÓN: Detected dialect: W3C
[Test worker] WARN net.thucydides.core.steps.BaseStepListener - stepFinished: current outcome:Register in the platform utest:Given Than Daniel want to register in to platform Utest [Daniel open up [Daniel opens the Utest page]]
[Test worker] WARN net.thucydides.core.steps.BaseStepListener - stepFinished: current outcome:Register in the platform utest:Given Than Daniel want to register in to platform Utest [Daniel open up [Daniel opens the Utest page]]
[Test worker] WARN net.thucydides.core.steps.BaseStepListener - stepStarted: net.thucydides.core.steps.ExecutedStepDescription@533993c7
[Test worker] WARN net.thucydides.core.steps.BaseStepListener - stepStarted: net.thucydides.core.steps.ExecutedStepDescription@1e08ff50
[Test worker] WARN net.thucydides.core.steps.BaseStepListener - stepFinished: current outcome:Register in the platform utest:Given Than Daniel want to register in to platform Utest [Daniel open up [Daniel opens the Utest page], Daniel join today [Daniel clicks on Button that show us the form to register]]
[Test worker] WARN net.thucydides.core.steps.BaseStepListener - stepFinished: current outcome:Register in the platform utest:Given Than Daniel want to register in to platform Utest [Daniel open up [Daniel opens the Utest page], Daniel join today [Daniel clicks on Button that show us the form to register]]
[Test worker] WARN net.thucydides.core.steps.BaseStepListener - stepFinished: current outcome:Register in the platform utest:Given Than Daniel want to register in to platform Utest [Daniel open up [Daniel opens the Utest page], Daniel join today [Daniel clicks on Button that show us the form to register]]
[Test worker] WARN net.thucydides.core.steps.BaseStepListener - stepStarted: net.thucydides.core.steps.ExecutedStepDescription@ac468d2
[Test worker] WARN net.thucydides.core.steps.BaseStepListener - stepStarted: net.thucydides.core.steps.ExecutedStepDescription@729a40fd
[Test worker] WARN net.thucydides.core.steps.BaseStepListener - stepStarted: net.thucydides.core.steps.ExecutedStepDescription@3f1512a6
[Test worker] WARN net.thucydides.core.steps.BaseStepListener - stepFinished: current outcome:Register in the platform utest:Given Than Daniel want to register in to platform Utest [Daniel open up [Daniel opens the Utest page], Daniel join today [Daniel clicks on Button that show us the form to register]], When He enters the information requested in the Utest registration form
| strFristName | strLastName | strEmail | strIdiom | strBrand | strModel | strOsVersion | strPassword | strCity | strZip | strCountry |
| Daniel | Lasso | danielLasso@gmail.com | spanish | Apple | iPhone 8 Plus | iOS 14.5.1 | /DLasso/2021**2021 | Bogotá | 00000 | Colombia | [Daniel register user [Daniel enters 'Daniel' into Where do we write the frist name to user]]
[Test worker] WARN net.thucydides.core.steps.BaseStepListener - stepStarted: net.thucydides.core.steps.ExecutedStepDescription@11875423
[Test worker] WARN net.thucydides.core.steps.BaseStepListener - stepFinished: current outcome:Register in the platform utest:Given Than Daniel want to register in to platform Utest [Daniel open up [Daniel opens the Utest page], Daniel join today [Daniel clicks on Button that show us the form to register]], When He enters the information requested in the Utest registration form
| strFristName | strLastName | strEmail | strIdiom | strBrand | strModel | strOsVersion | strPassword | strCity | strZip | strCountry |
| Daniel | Lasso | danielLasso@gmail.com | spanish | Apple | iPhone 8 Plus | iOS 14.5.1 | /DLasso/2021**2021 | Bogotá | 00000 | Colombia | [Daniel register user [Daniel enters 'Daniel' into Where do we write the frist name to user, Daniel enters 'Lasso' into Where do we write the last name to user]]
[Test worker] WARN net.thucydides.core.steps.BaseStepListener - stepStarted: net.thucydides.core.steps.ExecutedStepDescription@3e771bb2
[Test worker] WARN net.thucydides.core.steps.BaseStepListener - stepFinished: current outcome:Register in the platform utest:Given Than Daniel want to register in to platform Utest [Daniel open up [Daniel opens the Utest page], Daniel join today [Daniel clicks on Button that show us the form to register]], When He enters the information requested in the Utest registration form
| strFristName | strLastName | strEmail | strIdiom | strBrand | strModel | strOsVersion | strPassword | strCity | strZip | strCountry |
| Daniel | Lasso | danielLasso@gmail.com | spanish | Apple | iPhone 8 Plus | iOS 14.5.1 | /DLasso/2021**2021 | Bogotá | 00000 | Colombia | [Daniel register user [Daniel enters 'Daniel' into Where do we write the frist name to user, Daniel enters 'Lasso' into Where do we write the last name to user, Daniel enters 'danielLasso@gmail.com' into Where do we write the email to user]]
[Test worker] WARN net.thucydides.core.steps.BaseStepListener - stepStarted: net.thucydides.core.steps.ExecutedStepDescription@54443c31
[Test worker] WARN net.thucydides.core.steps.BaseStepListener - stepFinished: current outcome:Register in the platform utest:Given Than Daniel want to register in to platform Utest [Daniel open up [Daniel opens the Utest page], Daniel join today [Daniel clicks on Button that show us the form to register]], When He enters the information requested in the Utest registration form
| strFristName | strLastName | strEmail | strIdiom | strBrand | strModel | strOsVersion | strPassword | strCity | strZip | strCountry |
| Daniel | Lasso | danielLasso@gmail.com | spanish | Apple | iPhone 8 Plus | iOS 14.5.1 | /DLasso/2021**2021 | Bogotá | 00000 | Colombia | [Daniel register user [Daniel enters 'Daniel' into Where do we write the frist name to user, Daniel enters 'Lasso' into Where do we write the last name to user, Daniel enters 'danielLasso@gmail.com' into Where do we write the email to user, Daniel clicks on Where do we select the month of birth to user]]
[Test worker] WARN net.thucydides.core.steps.BaseStepListener - stepStarted: net.thucydides.core.steps.ExecutedStepDescription@3f45fb1e
[Test worker] WARN net.thucydides.core.steps.BaseStepListener - stepFinished: current outcome:Register in the platform utest:Given Than Daniel want to register in to platform Utest [Daniel open up [Daniel opens the Utest page], Daniel join today [Daniel clicks on Button that show us the form to register]], When He enters the information requested in the Utest registration form
| strFristName | strLastName | strEmail | strIdiom | strBrand | strModel | strOsVersion | strPassword | strCity | strZip | strCountry |
| Daniel | Lasso | danielLasso@gmail.com | spanish | Apple | iPhone 8 Plus | iOS 14.5.1 | /DLasso/2021**2021 | Bogotá | 00000 | Colombia | [Daniel register user [Daniel enters 'Daniel' into Where do we write the frist name to user, Daniel enters 'Lasso' into Where do we write the last name to user, Daniel enters 'danielLasso@gmail.com' into Where do we write the email to user, Daniel clicks on Where do we select the month of birth to user, Daniel clicks on Where do we select the day of birth to user]]
[Test worker] WARN net.thucydides.core.steps.BaseStepListener - stepStarted: net.thucydides.core.steps.ExecutedStepDescription@fac6b3c
[Test worker] WARN net.thucydides.core.steps.BaseStepListener - stepFinished: current outcome:Register in the platform utest:Given Than Daniel want to register in to platform Utest [Daniel open up [Daniel opens the Utest page], Daniel join today [Daniel clicks on Button that show us the form to register]], When He enters the information requested in the Utest registration form
| strFristName | strLastName | strEmail | strIdiom | strBrand | strModel | strOsVersion | strPassword | strCity | strZip | strCountry |
| Daniel | Lasso | danielLasso@gmail.com | spanish | Apple | iPhone 8 Plus | iOS 14.5.1 | /DLasso/2021**2021 | Bogotá | 00000 | Colombia | [Daniel register user [Daniel enters 'Daniel' into Where do we write the frist name to user, Daniel enters 'Lasso' into Where do we write the last name to user, Daniel enters 'danielLasso@gmail.com' into Where do we write the email to user, Daniel clicks on Where do we select the month of birth to user, Daniel clicks on Where do we select the day of birth to user, Daniel clicks on Where do we select the year of birth to user]]
[Test worker] WARN net.thucydides.core.steps.BaseStepListener - stepStarted: net.thucydides.core.steps.ExecutedStepDescription@3e674142
[Test worker] WARN net.thucydides.core.steps.BaseStepListener - stepFinished: current outcome:Register in the platform utest:Given Than Daniel want to register in to platform Utest [Daniel open up [Daniel opens the Utest page], Daniel join today [Daniel clicks on Button that show us the form to register]], When He enters the information requested in the Utest registration form
| strFristName | strLastName | strEmail | strIdiom | strBrand | strModel | strOsVersion | strPassword | strCity | strZip | strCountry |
| Daniel | Lasso | danielLasso@gmail.com | spanish | Apple | iPhone 8 Plus | iOS 14.5.1 | /DLasso/2021**2021 | Bogotá | 00000 | Colombia | [Daniel register user [Daniel enters 'Daniel' into Where do we write the frist name to user, Daniel enters 'Lasso' into Where do we write the last name to user, Daniel enters 'danielLasso@gmail.com' into Where do we write the email to user, Daniel clicks on Where do we select the month of birth to user, Daniel clicks on Where do we select the day of birth to user, Daniel clicks on Where do we select the year of birth to user, Daniel enters 'spanish?' into Where do we select the languajes know the user]]
[Test worker] WARN net.thucydides.core.steps.BaseStepListener - stepStarted: net.thucydides.core.steps.ExecutedStepDescription@21ad920
[Test worker] WARN net.thucydides.core.steps.BaseStepListener - stepFinished: current outcome:Register in the platform utest:Given Than Daniel want to register in to platform Utest [Daniel open up [Daniel opens the Utest page], Daniel join today [Daniel clicks on Button that show us the form to register]], When He enters the information requested in the Utest registration form
| strFristName | strLastName | strEmail | strIdiom | strBrand | strModel | strOsVersion | strPassword | strCity | strZip | strCountry |
| Daniel | Lasso | danielLasso@gmail.com | spanish | Apple | iPhone 8 Plus | iOS 14.5.1 | /DLasso/2021**2021 | Bogotá | 00000 | Colombia | [Daniel register user [Daniel enters 'Daniel' into Where do we write the frist name to user, Daniel enters 'Lasso' into Where do we write the last name to user, Daniel enters 'danielLasso@gmail.com' into Where do we write the email to user, Daniel clicks on Where do we select the month of birth to user, Daniel clicks on Where do we select the day of birth to user, Daniel clicks on Where do we select the year of birth to user, Daniel enters 'spanish?' into Where do we select the languajes know the user, Daniel clicks on Button to next step in the form to register user]]
[Test worker] WARN net.thucydides.core.steps.BaseStepListener - stepStarted: net.thucydides.core.steps.ExecutedStepDescription@5304a348
[Test worker] WARN net.thucydides.core.steps.BaseStepListener - stepFinished: current outcome:Register in the platform utest:Given Than Daniel want to register in to platform Utest [Daniel open up [Daniel opens the Utest page], Daniel join today [Daniel clicks on Button that show us the form to register]], When He enters the information requested in the Utest registration form
| strFristName | strLastName | strEmail | strIdiom | strBrand | strModel | strOsVersion | strPassword | strCity | strZip | strCountry |
| Daniel | Lasso | danielLasso@gmail.com | spanish | Apple | iPhone 8 Plus | iOS 14.5.1 | /DLasso/2021**2021 | Bogotá | 00000 | Colombia | [Daniel register user [Daniel enters 'Daniel' into Where do we write the frist name to user, Daniel enters 'Lasso' into Where do we write the last name to user, Daniel enters 'danielLasso@gmail.com' into Where do we write the email to user, Daniel clicks on Where do we select the month of birth to user, Daniel clicks on Where do we select the day of birth to user, Daniel clicks on Where do we select the year of birth to user, Daniel enters 'spanish?' into Where do we select the languajes know the user, Daniel clicks on Button to next step in the form to register user, Daniel enters '00000' into Where do we select the ZIP Code]]
[Test worker] WARN net.thucydides.core.steps.BaseStepListener - stepStarted: net.thucydides.core.steps.ExecutedStepDescription@6ac4b90a
[Test worker] WARN net.thucydides.core.steps.BaseStepListener - stepFinished: current outcome:Register in the platform utest:Given Than Daniel want to register in to platform Utest [Daniel open up [Daniel opens the Utest page], Daniel join today [Daniel clicks on Button that show us the form to register]], When He enters the information requested in the Utest registration form
| strFristName | strLastName | strEmail | strIdiom | strBrand | strModel | strOsVersion | strPassword | strCity | strZip | strCountry |
| Daniel | Lasso | danielLasso@gmail.com | spanish | Apple | iPhone 8 Plus | iOS 14.5.1 | /DLasso/2021**2021 | Bogotá | 00000 | Colombia | [Daniel register user [Daniel enters 'Daniel' into Where do we write the frist name to user, Daniel enters 'Lasso' into Where do we write the last name to user, Daniel enters 'danielLasso@gmail.com' into Where do we write the email to user, Daniel clicks on Where do we select the month of birth to user, Daniel clicks on Where do we select the day of birth to user, Daniel clicks on Where do we select the year of birth to user, Daniel enters 'spanish?' into Where do we select the languajes know the user, Daniel clicks on Button to next step in the form to register user, Daniel enters '00000' into Where do we select the ZIP Code, Daniel clicks on Button to second step in the form to register user]]
[Test worker] WARN net.thucydides.core.steps.BaseStepListener - stepStarted: net.thucydides.core.steps.ExecutedStepDescription@59071b4c
[Test worker] WARN net.thucydides.core.steps.BaseStepListener - stepFinished: current outcome:Register in the platform utest:Given Than Daniel want to register in to platform Utest [Daniel open up [Daniel opens the Utest page], Daniel join today [Daniel clicks on Button that show us the form to register]], When He enters the information requested in the Utest registration form
| strFristName | strLastName | strEmail | strIdiom | strBrand | strModel | strOsVersion | strPassword | strCity | strZip | strCountry |
| Daniel | Lasso | danielLasso@gmail.com | spanish | Apple | iPhone 8 Plus | iOS 14.5.1 | /DLasso/2021**2021 | Bogotá | 00000 | Colombia | [Daniel register user [Daniel enters 'Daniel' into Where do we write the frist name to user, Daniel enters 'Lasso' into Where do we write the last name to user, Daniel enters 'danielLasso@gmail.com' into Where do we write the email to user, Daniel clicks on Where do we select the month of birth to user, Daniel clicks on Where do we select the day of birth to user, Daniel clicks on Where do we select the year of birth to user, Daniel enters 'spanish?' into Where do we select the languajes know the user, Daniel clicks on Button to next step in the form to register user, Daniel enters '00000' into Where do we select the ZIP Code, Daniel clicks on Button to second step in the form to register user, Daniel clicks on Select brand movile user]]
[Test worker] WARN net.thucydides.core.steps.BaseStepListener - stepStarted: net.thucydides.core.steps.ExecutedStepDescription@5034ef9b
[Test worker] WARN net.thucydides.core.steps.BaseStepListener - stepFinished: current outcome:Register in the platform utest:Given Than Daniel want to register in to platform Utest [Daniel open up [Daniel opens the Utest page], Daniel join today [Daniel clicks on Button that show us the form to register]], When He enters the information requested in the Utest registration form
| strFristName | strLastName | strEmail | strIdiom | strBrand | strModel | strOsVersion | strPassword | strCity | strZip | strCountry |
| Daniel | Lasso | danielLasso@gmail.com | spanish | Apple | iPhone 8 Plus | iOS 14.5.1 | /DLasso/2021**2021 | Bogotá | 00000 | Colombia | [Daniel register user [Daniel enters 'Daniel' into Where do we write the frist name to user, Daniel enters 'Lasso' into Where do we write the last name to user, Daniel enters 'danielLasso@gmail.com' into Where do we write the email to user, Daniel clicks on Where do we select the month of birth to user, Daniel clicks on Where do we select the day of birth to user, Daniel clicks on Where do we select the year of birth to user, Daniel enters 'spanish?' into Where do we select the languajes know the user, Daniel clicks on Button to next step in the form to register user, Daniel enters '00000' into Where do we select the ZIP Code, Daniel clicks on Button to second step in the form to register user, Daniel clicks on Select brand movile user, Daniel enters 'Apple?' into Write]]
[Test worker] WARN net.thucydides.core.steps.BaseStepListener - stepStarted: net.thucydides.core.steps.ExecutedStepDescription@2ba489b8
[Test worker] WARN net.thucydides.core.steps.BaseStepListener - stepFinished: current outcome:Register in the platform utest:Given Than Daniel want to register in to platform Utest [Daniel open up [Daniel opens the Utest page], Daniel join today [Daniel clicks on Button that show us the form to register]], When He enters the information requested in the Utest registration form
| strFristName | strLastName | strEmail | strIdiom | strBrand | strModel | strOsVersion | strPassword | strCity | strZip | strCountry |
| Daniel | Lasso | danielLasso@gmail.com | spanish | Apple | iPhone 8 Plus | iOS 14.5.1 | /DLasso/2021**2021 | Bogotá | 00000 | Colombia | [Daniel register user [Daniel enters 'Daniel' into Where do we write the frist name to user, Daniel enters 'Lasso' into Where do we write the last name to user, Daniel enters 'danielLasso@gmail.com' into Where do we write the email to user, Daniel clicks on Where do we select the month of birth to user, Daniel clicks on Where do we select the day of birth to user, Daniel clicks on Where do we select the year of birth to user, Daniel enters 'spanish?' into Where do we select the languajes know the user, Daniel clicks on Button to next step in the form to register user, Daniel enters '00000' into Where do we select the ZIP Code, Daniel clicks on Button to second step in the form to register user, Daniel clicks on Select brand movile user, Daniel enters 'Apple?' into Write, Daniel clicks on Select brand movile user]]
[Test worker] WARN net.thucydides.core.steps.BaseStepListener - stepStarted: net.thucydides.core.steps.ExecutedStepDescription@3855d50
[Test worker] WARN net.thucydides.core.steps.BaseStepListener - stepFinished: current outcome:Register in the platform utest:Given Than Daniel want to register in to platform Utest [Daniel open up [Daniel opens the Utest page], Daniel join today [Daniel clicks on Button that show us the form to register]], When He enters the information requested in the Utest registration form
| strFristName | strLastName | strEmail | strIdiom | strBrand | strModel | strOsVersion | strPassword | strCity | strZip | strCountry |
| Daniel | Lasso | danielLasso@gmail.com | spanish | Apple | iPhone 8 Plus | iOS 14.5.1 | /DLasso/2021**2021 | Bogotá | 00000 | Colombia | [Daniel register user [Daniel enters 'Daniel' into Where do we write the frist name to user, Daniel enters 'Lasso' into Where do we write the last name to user, Daniel enters 'danielLasso@gmail.com' into Where do we write the email to user, Daniel clicks on Where do we select the month of birth to user, Daniel clicks on Where do we select the day of birth to user, Daniel clicks on Where do we select the year of birth to user, Daniel enters 'spanish?' into Where do we select the languajes know the user, Daniel clicks on Button to next step in the form to register user, Daniel enters '00000' into Where do we select the ZIP Code, Daniel clicks on Button to second step in the form to register user, Daniel clicks on Select brand movile user, Daniel enters 'Apple?' into Write, Daniel clicks on Select brand movile user, Daniel enters 'iPhone 8 Plus?' into Write Model to device ]]
[Test worker] WARN net.thucydides.core.steps.BaseStepListener - stepStarted: net.thucydides.core.steps.ExecutedStepDescription@6524779c
[Test worker] WARN net.thucydides.core.steps.BaseStepListener - stepFinished: current outcome:Register in the platform utest:Given Than Daniel want to register in to platform Utest [Daniel open up [Daniel opens the Utest page], Daniel join today [Daniel clicks on Button that show us the form to register]], When He enters the information requested in the Utest registration form
| strFristName | strLastName | strEmail | strIdiom | strBrand | strModel | strOsVersion | strPassword | strCity | strZip | strCountry |
| Daniel | Lasso | danielLasso@gmail.com | spanish | Apple | iPhone 8 Plus | iOS 14.5.1 | /DLasso/2021**2021 | Bogotá | 00000 | Colombia | [Daniel register user [Daniel enters 'Daniel' into Where do we write the frist name to user, Daniel enters 'Lasso' into Where do we write the last name to user, Daniel enters 'danielLasso@gmail.com' into Where do we write the email to user, Daniel clicks on Where do we select the month of birth to user, Daniel clicks on Where do we select the day of birth to user, Daniel clicks on Where do we select the year of birth to user, Daniel enters 'spanish?' into Where do we select the languajes know the user, Daniel clicks on Button to next step in the form to register user, Daniel enters '00000' into Where do we select the ZIP Code, Daniel clicks on Button to second step in the form to register user, Daniel clicks on Select brand movile user, Daniel enters 'Apple?' into Write, Daniel clicks on Select brand movile user, Daniel enters 'iPhone 8 Plus?' into Write Model to device , Daniel clicks on Select OS movile user]]
[Test worker] WARN net.thucydides.core.steps.BaseStepListener - stepStarted: net.thucydides.core.steps.ExecutedStepDescription@75552599
[Test worker] WARN net.thucydides.core.steps.BaseStepListener - stepFinished: current outcome:Register in the platform utest:Given Than Daniel want to register in to platform Utest [Daniel open up [Daniel opens the Utest page], Daniel join today [Daniel clicks on Button that show us the form to register]], When He enters the information requested in the Utest registration form
| strFristName | strLastName | strEmail | strIdiom | strBrand | strModel | strOsVersion | strPassword | strCity | strZip | strCountry |
| Daniel | Lasso | danielLasso@gmail.com | spanish | Apple | iPhone 8 Plus | iOS 14.5.1 | /DLasso/2021**2021 | Bogotá | 00000 | Colombia | [Daniel register user [Daniel enters 'Daniel' into Where do we write the frist name to user, Daniel enters 'Lasso' into Where do we write the last name to user, Daniel enters 'danielLasso@gmail.com' into Where do we write the email to user, Daniel clicks on Where do we select the month of birth to user, Daniel clicks on Where do we select the day of birth to user, Daniel clicks on Where do we select the year of birth to user, Daniel enters 'spanish?' into Where do we select the languajes know the user, Daniel clicks on Button to next step in the form to register user, Daniel enters '00000' into Where do we select the ZIP Code, Daniel clicks on Button to second step in the form to register user, Daniel clicks on Select brand movile user, Daniel enters 'Apple?' into Write, Daniel clicks on Select brand movile user, Daniel enters 'iPhone 8 Plus?' into Write Model to device , Daniel clicks on Select OS movile user, Daniel enters 'iOS 14.5.1?' into Write OS vertions to device ]]
[Test worker] WARN net.thucydides.core.steps.BaseStepListener - stepStarted: net.thucydides.core.steps.ExecutedStepDescription@59cbc3c0
[Test worker] WARN net.thucydides.core.steps.BaseStepListener - stepFinished: current outcome:Register in the platform utest:Given Than Daniel want to register in to platform Utest [Daniel open up [Daniel opens the Utest page], Daniel join today [Daniel clicks on Button that show us the form to register]], When He enters the information requested in the Utest registration form
| strFristName | strLastName | strEmail | strIdiom | strBrand | strModel | strOsVersion | strPassword | strCity | strZip | strCountry |
| Daniel | Lasso | danielLasso@gmail.com | spanish | Apple | iPhone 8 Plus | iOS 14.5.1 | /DLasso/2021**2021 | Bogotá | 00000 | Colombia | [Daniel register user [Daniel enters 'Daniel' into Where do we write the frist name to user, Daniel enters 'Lasso' into Where do we write the last name to user, Daniel enters 'danielLasso@gmail.com' into Where do we write the email to user, Daniel clicks on Where do we select the month of birth to user, Daniel clicks on Where do we select the day of birth to user, Daniel clicks on Where do we select the year of birth to user, Daniel enters 'spanish?' into Where do we select the languajes know the user, Daniel clicks on Button to next step in the form to register user, Daniel enters '00000' into Where do we select the ZIP Code, Daniel clicks on Button to second step in the form to register user, Daniel clicks on Select brand movile user, Daniel enters 'Apple?' into Write, Daniel clicks on Select brand movile user, Daniel enters 'iPhone 8 Plus?' into Write Model to device , Daniel clicks on Select OS movile user, Daniel enters 'iOS 14.5.1?' into Write OS vertions to device , Daniel clicks on Button to last step in the form to register user]]
[Test worker] WARN net.thucydides.core.steps.BaseStepListener - stepStarted: net.thucydides.core.steps.ExecutedStepDescription@4a257a36
[Test worker] WARN net.thucydides.core.steps.BaseStepListener - stepFinished: current outcome:Register in the platform utest:Given Than Daniel want to register in to platform Utest [Daniel open up [Daniel opens the Utest page], Daniel join today [Daniel clicks on Button that show us the form to register]], When He enters the information requested in the Utest registration form
| strFristName | strLastName | strEmail | strIdiom | strBrand | strModel | strOsVersion | strPassword | strCity | strZip | strCountry |
| Daniel | Lasso | danielLasso@gmail.com | spanish | Apple | iPhone 8 Plus | iOS 14.5.1 | /DLasso/2021**2021 | Bogotá | 00000 | Colombia | [Daniel register user [Daniel enters 'Daniel' into Where do we write the frist name to user, Daniel enters 'Lasso' into Where do we write the last name to user, Daniel enters 'danielLasso@gmail.com' into Where do we write the email to user, Daniel clicks on Where do we select the month of birth to user, Daniel clicks on Where do we select the day of birth to user, Daniel clicks on Where do we select the year of birth to user, Daniel enters 'spanish?' into Where do we select the languajes know the user, Daniel clicks on Button to next step in the form to register user, Daniel enters '00000' into Where do we select the ZIP Code, Daniel clicks on Button to second step in the form to register user, Daniel clicks on Select brand movile user, Daniel enters 'Apple?' into Write, Daniel clicks on Select brand movile user, Daniel enters 'iPhone 8 Plus?' into Write Model to device , Daniel clicks on Select OS movile user, Daniel enters 'iOS 14.5.1?' into Write OS vertions to device , Daniel clicks on Button to last step in the form to register user, Daniel enters '/DLasso/2021**2021' into Where do we write the password to user]]
[Test worker] WARN net.thucydides.core.steps.BaseStepListener - stepStarted: net.thucydides.core.steps.ExecutedStepDescription@7811af1b
[Test worker] WARN net.thucydides.core.steps.BaseStepListener - stepFinished: current outcome:Register in the platform utest:Given Than Daniel want to register in to platform Utest [Daniel open up [Daniel opens the Utest page], Daniel join today [Daniel clicks on Button that show us the form to register]], When He enters the information requested in the Utest registration form
| strFristName | strLastName | strEmail | strIdiom | strBrand | strModel | strOsVersion | strPassword | strCity | strZip | strCountry |
| Daniel | Lasso | danielLasso@gmail.com | spanish | Apple | iPhone 8 Plus | iOS 14.5.1 | /DLasso/2021**2021 | Bogotá | 00000 | Colombia | [Daniel register user [Daniel enters 'Daniel' into Where do we write the frist name to user, Daniel enters 'Lasso' into Where do we write the last name to user, Daniel enters 'danielLasso@gmail.com' into Where do we write the email to user, Daniel clicks on Where do we select the month of birth to user, Daniel clicks on Where do we select the day of birth to user, Daniel clicks on Where do we select the year of birth to user, Daniel enters 'spanish?' into Where do we select the languajes know the user, Daniel clicks on Button to next step in the form to register user, Daniel enters '00000' into Where do we select the ZIP Code, Daniel clicks on Button to second step in the form to register user, Daniel clicks on Select brand movile user, Daniel enters 'Apple?' into Write, Daniel clicks on Select brand movile user, Daniel enters 'iPhone 8 Plus?' into Write Model to device , Daniel clicks on Select OS movile user, Daniel enters 'iOS 14.5.1?' into Write OS vertions to device , Daniel clicks on Button to last step in the form to register user, Daniel enters '/DLasso/2021**2021' into Where do we write the password to user, Daniel enters '/DLasso/2021**2021' into Where do we write the confirm password to user]]
[Test worker] WARN net.thucydides.core.steps.BaseStepListener - stepStarted: net.thucydides.core.steps.ExecutedStepDescription@31269f8c
[Test worker] WARN net.thucydides.core.steps.BaseStepListener - stepFinished: current outcome:Register in the platform utest:Given Than Daniel want to register in to platform Utest [Daniel open up [Daniel opens the Utest page], Daniel join today [Daniel clicks on Button that show us the form to register]], When He enters the information requested in the Utest registration form
| strFristName | strLastName | strEmail | strIdiom | strBrand | strModel | strOsVersion | strPassword | strCity | strZip | strCountry |
| Daniel | Lasso | danielLasso@gmail.com | spanish | Apple | iPhone 8 Plus | iOS 14.5.1 | /DLasso/2021**2021 | Bogotá | 00000 | Colombia | [Daniel register user [Daniel enters 'Daniel' into Where do we write the frist name to user, Daniel enters 'Lasso' into Where do we write the last name to user, Daniel enters 'danielLasso@gmail.com' into Where do we write the email to user, Daniel clicks on Where do we select the month of birth to user, Daniel clicks on Where do we select the day of birth to user, Daniel clicks on Where do we select the year of birth to user, Daniel enters 'spanish?' into Where do we select the languajes know the user, Daniel clicks on Button to next step in the form to register user, Daniel enters '00000' into Where do we select the ZIP Code, Daniel clicks on Button to second step in the form to register user, Daniel clicks on Select brand movile user, Daniel enters 'Apple?' into Write, Daniel clicks on Select brand movile user, Daniel enters 'iPhone 8 Plus?' into Write Model to device , Daniel clicks on Select OS movile user, Daniel enters 'iOS 14.5.1?' into Write OS vertions to device , Daniel clicks on Button to last step in the form to register user, Daniel enters '/DLasso/2021**2021' into Where do we write the password to user, Daniel enters '/DLasso/2021**2021' into Where do we write the confirm password to user, Daniel clicks on Accept the terms of use]]
[Test worker] WARN net.thucydides.core.steps.BaseStepListener - stepStarted: net.thucydides.core.steps.ExecutedStepDescription@2546c88a
[Test worker] WARN net.thucydides.core.steps.BaseStepListener - stepFinished: current outcome:Register in the platform utest:Given Than Daniel want to register in to platform Utest [Daniel open up [Daniel opens the Utest page], Daniel join today [Daniel clicks on Button that show us the form to register]], When He enters the information requested in the Utest registration form
| strFristName | strLastName | strEmail | strIdiom | strBrand | strModel | strOsVersion | strPassword | strCity | strZip | strCountry |
| Daniel | Lasso | danielLasso@gmail.com | spanish | Apple | iPhone 8 Plus | iOS 14.5.1 | /DLasso/2021**2021 | Bogotá | 00000 | Colombia | [Daniel register user [Daniel enters 'Daniel' into Where do we write the frist name to user, Daniel enters 'Lasso' into Where do we write the last name to user, Daniel enters 'danielLasso@gmail.com' into Where do we write the email to user, Daniel clicks on Where do we select the month of birth to user, Daniel clicks on Where do we select the day of birth to user, Daniel clicks on Where do we select the year of birth to user, Daniel enters 'spanish?' into Where do we select the languajes know the user, Daniel clicks on Button to next step in the form to register user, Daniel enters '00000' into Where do we select the ZIP Code, Daniel clicks on Button to second step in the form to register user, Daniel clicks on Select brand movile user, Daniel enters 'Apple?' into Write, Daniel clicks on Select brand movile user, Daniel enters 'iPhone 8 Plus?' into Write Model to device , Daniel clicks on Select OS movile user, Daniel enters 'iOS 14.5.1?' into Write OS vertions to device , Daniel clicks on Button to last step in the form to register user, Daniel enters '/DLasso/2021**2021' into Where do we write the password to user, Daniel enters '/DLasso/2021**2021' into Where do we write the confirm password to user, Daniel clicks on Accept the terms of use, Daniel clicks on Accept the privacy and securiry policy]]
[Test worker] WARN net.thucydides.core.steps.BaseStepListener - stepFinished: current outcome:Register in the platform utest:Given Than Daniel want to register in to platform Utest [Daniel open up [Daniel opens the Utest page], Daniel join today [Daniel clicks on Button that show us the form to register]], When He enters the information requested in the Utest registration form
| strFristName | strLastName | strEmail | strIdiom | strBrand | strModel | strOsVersion | strPassword | strCity | strZip | strCountry |
| Daniel | Lasso | danielLasso@gmail.com | spanish | Apple | iPhone 8 Plus | iOS 14.5.1 | /DLasso/2021**2021 | Bogotá | 00000 | Colombia | [Daniel register user [Daniel enters 'Daniel' into Where do we write the frist name to user, Daniel enters 'Lasso' into Where do we write the last name to user, Daniel enters 'danielLasso@gmail.com' into Where do we write the email to user, Daniel clicks on Where do we select the month of birth to user, Daniel clicks on Where do we select the day of birth to user, Daniel clicks on Where do we select the year of birth to user, Daniel enters 'spanish?' into Where do we select the languajes know the user, Daniel clicks on Button to next step in the form to register user, Daniel enters '00000' into Where do we select the ZIP Code, Daniel clicks on Button to second step in the form to register user, Daniel clicks on Select brand movile user, Daniel enters 'Apple?' into Write, Daniel clicks on Select brand movile user, Daniel enters 'iPhone 8 Plus?' into Write Model to device , Daniel clicks on Select OS movile user, Daniel enters 'iOS 14.5.1?' into Write OS vertions to device , Daniel clicks on Button to last step in the form to register user, Daniel enters '/DLasso/2021**2021' into Where do we write the password to user, Daniel enters '/DLasso/2021**2021' into Where do we write the confirm password to user, Daniel clicks on Accept the terms of use, Daniel clicks on Accept the privacy and securiry policy]]
[Test worker] WARN net.thucydides.core.steps.BaseStepListener - stepFinished: current outcome:Register in the platform utest:Given Than Daniel want to register in to platform Utest [Daniel open up [Daniel opens the Utest page], Daniel join today [Daniel clicks on Button that show us the form to register]], When He enters the information requested in the Utest registration form
| strFristName | strLastName | strEmail | strIdiom | strBrand | strModel | strOsVersion | strPassword | strCity | strZip | strCountry |
| Daniel | Lasso | danielLasso@gmail.com | spanish | Apple | iPhone 8 Plus | iOS 14.5.1 | /DLasso/2021**2021 | Bogotá | 00000 | Colombia | [Daniel register user [Daniel enters 'Daniel' into Where do we write the frist name to user, Daniel enters 'Lasso' into Where do we write the last name to user, Daniel enters 'danielLasso@gmail.com' into Where do we write the email to user, Daniel clicks on Where do we select the month of birth to user, Daniel clicks on Where do we select the day of birth to user, Daniel clicks on Where do we select the year of birth to user, Daniel enters 'spanish?' into Where do we select the languajes know the user, Daniel clicks on Button to next step in the form to register user, Daniel enters '00000' into Where do we select the ZIP Code, Daniel clicks on Button to second step in the form to register user, Daniel clicks on Select brand movile user, Daniel enters 'Apple?' into Write, Daniel clicks on Select brand movile user, Daniel enters 'iPhone 8 Plus?' into Write Model to device , Daniel clicks on Select OS movile user, Daniel enters 'iOS 14.5.1?' into Write OS vertions to device , Daniel clicks on Button to last step in the form to register user, Daniel enters '/DLasso/2021**2021' into Where do we write the password to user, Daniel enters '/DLasso/2021**2021' into Where do we write the confirm password to user, Daniel clicks on Accept the terms of use, Daniel clicks on Accept the privacy and securiry policy]]
[Test worker] WARN net.thucydides.core.steps.BaseStepListener - stepStarted: net.thucydides.core.steps.ExecutedStepDescription@1940ec29
[Test worker] WARN net.thucydides.core.steps.BaseStepListener - stepStarted: net.thucydides.core.steps.ExecutedStepDescription@2aa5c35f
[Test worker] WARN net.thucydides.core.steps.BaseStepListener - stepFinished: current outcome:Register in the platform utest:Given Than Daniel want to register in to platform Utest [Daniel open up [Daniel opens the Utest page], Daniel join today [Daniel clicks on Button that show us the form to register]], When He enters the information requested in the Utest registration form
| strFristName | strLastName | strEmail | strIdiom | strBrand | strModel | strOsVersion | strPassword | strCity | strZip | strCountry |
| Daniel | Lasso | danielLasso@gmail.com | spanish | Apple | iPhone 8 Plus | iOS 14.5.1 | /DLasso/2021**2021 | Bogotá | 00000 | Colombia | [Daniel register user [Daniel enters 'Daniel' into Where do we write the frist name to user, Daniel enters 'Lasso' into Where do we write the last name to user, Daniel enters 'danielLasso@gmail.com' into Where do we write the email to user, Daniel clicks on Where do we select the month of birth to user, Daniel clicks on Where do we select the day of birth to user, Daniel clicks on Where do we select the year of birth to user, Daniel enters 'spanish?' into Where do we select the languajes know the user, Daniel clicks on Button to next step in the form to register user, Daniel enters '00000' into Where do we select the ZIP Code, Daniel clicks on Button to second step in the form to register user, Daniel clicks on Select brand movile user, Daniel enters 'Apple?' into Write, Daniel clicks on Select brand movile user, Daniel enters 'iPhone 8 Plus?' into Write Model to device , Daniel clicks on Select OS movile user, Daniel enters 'iOS 14.5.1?' into Write OS vertions to device , Daniel clicks on Button to last step in the form to register user, Daniel enters '/DLasso/2021**2021' into Where do we write the password to user, Daniel enters '/DLasso/2021**2021' into Where do we write the confirm password to user, Daniel clicks on Accept the terms of use, Daniel clicks on Accept the privacy and securiry policy]], Then Go back to the Utest home page select the login option and enter the access credentials the access credentials validate The last step [Then final step]
[Test worker] WARN net.thucydides.core.steps.BaseStepListener - stepFinished: current outcome:Register in the platform utest:Given Than Daniel want to register in to platform Utest [Daniel open up [Daniel opens the Utest page], Daniel join today [Daniel clicks on Button that show us the form to register]], When He enters the information requested in the Utest registration form
| strFristName | strLastName | strEmail | strIdiom | strBrand | strModel | strOsVersion | strPassword | strCity | strZip | strCountry |
| Daniel | Lasso | danielLasso@gmail.com | spanish | Apple | iPhone 8 Plus | iOS 14.5.1 | /DLasso/2021**2021 | Bogotá | 00000 | Colombia | [Daniel register user [Daniel enters 'Daniel' into Where do we write the frist name to user, Daniel enters 'Lasso' into Where do we write the last name to user, Daniel enters 'danielLasso@gmail.com' into Where do we write the email to user, Daniel clicks on Where do we select the month of birth to user, Daniel clicks on Where do we select the day of birth to user, Daniel clicks on Where do we select the year of birth to user, Daniel enters 'spanish?' into Where do we select the languajes know the user, Daniel clicks on Button to next step in the form to register user, Daniel enters '00000' into Where do we select the ZIP Code, Daniel clicks on Button to second step in the form to register user, Daniel clicks on Select brand movile user, Daniel enters 'Apple?' into Write, Daniel clicks on Select brand movile user, Daniel enters 'iPhone 8 Plus?' into Write Model to device , Daniel clicks on Select OS movile user, Daniel enters 'iOS 14.5.1?' into Write OS vertions to device , Daniel clicks on Button to last step in the form to register user, Daniel enters '/DLasso/2021**2021' into Where do we write the password to user, Daniel enters '/DLasso/2021**2021' into Where do we write the confirm password to user, Daniel clicks on Accept the terms of use, Daniel clicks on Accept the privacy and securiry policy]], Then Go back to the Utest home page select the login option and enter the access credentials the access credentials validate The last step [Then final step]
[Test worker] WARN net.thucydides.core.steps.BaseStepListener - testFinished: Register in the platform utest:Given Than Daniel want to register in to platform Utest [Daniel open up [Daniel opens the Utest page], Daniel join today [Daniel clicks on Button that show us the form to register]], When He enters the information requested in the Utest registration form
| strFristName | strLastName | strEmail | strIdiom | strBrand | strModel | strOsVersion | strPassword | strCity | strZip | strCountry |
| Daniel | Lasso | danielLasso@gmail.com | spanish | Apple | iPhone 8 Plus | iOS 14.5.1 | /DLasso/2021**2021 | Bogotá | 00000 | Colombia | [Daniel register user [Daniel enters 'Daniel' into Where do we write the frist name to user, Daniel enters 'Lasso' into Where do we write the last name to user, Daniel enters 'danielLasso@gmail.com' into Where do we write the email to user, Daniel clicks on Where do we select the month of birth to user, Daniel clicks on Where do we select the day of birth to user, Daniel clicks on Where do we select the year of birth to user, Daniel enters 'spanish?' into Where do we select the languajes know the user, Daniel clicks on Button to next step in the form to register user, Daniel enters '00000' into Where do we select the ZIP Code, Daniel clicks on Button to second step in the form to register user, Daniel clicks on Select brand movile user, Daniel enters 'Apple?' into Write, Daniel clicks on Select brand movile user, Daniel enters 'iPhone 8 Plus?' into Write Model to device , Daniel clicks on Select OS movile user, Daniel enters 'iOS 14.5.1?' into Write OS vertions to device , Daniel clicks on Button to last step in the form to register user, Daniel enters '/DLasso/2021**2021' into Where do we write the password to user, Daniel enters '/DLasso/2021**2021' into Where do we write the confirm password to user, Daniel clicks on Accept the terms of use, Daniel clicks on Accept the privacy and securiry policy]], Then Go back to the Utest home page select the login option and enter the access credentials the access credentials validate The last step [Then final step]
[Test worker] WARN net.thucydides.core.steps.BaseStepListener - TestOutcomes: [Register in the platform utest:Given Than Daniel want to register in to platform Utest [Daniel open up [Daniel opens the Utest page], Daniel join today [Daniel clicks on Button that show us the form to register]], When He enters the information requested in the Utest registration form
| strFristName | strLastName | strEmail | strIdiom | strBrand | strModel | strOsVersion | strPassword | strCity | strZip | strCountry |
| Daniel | Lasso | danielLasso@gmail.com | spanish | Apple | iPhone 8 Plus | iOS 14.5.1 | /DLasso/2021**2021 | Bogotá | 00000 | Colombia | [Daniel register user [Daniel enters 'Daniel' into Where do we write the frist name to user, Daniel enters 'Lasso' into Where do we write the last name to user, Daniel enters 'danielLasso@gmail.com' into Where do we write the email to user, Daniel clicks on Where do we select the month of birth to user, Daniel clicks on Where do we select the day of birth to user, Daniel clicks on Where do we select the year of birth to user, Daniel enters 'spanish?' into Where do we select the languajes know the user, Daniel clicks on Button to next step in the form to register user, Daniel enters '00000' into Where do we select the ZIP Code, Daniel clicks on Button to second step in the form to register user, Daniel clicks on Select brand movile user, Daniel enters 'Apple?' into Write, Daniel clicks on Select brand movile user, Daniel enters 'iPhone 8 Plus?' into Write Model to device , Daniel clicks on Select OS movile user, Daniel enters 'iOS 14.5.1?' into Write OS vertions to device , Daniel clicks on Button to last step in the form to register user, Daniel enters '/DLasso/2021**2021' into Where do we write the password to user, Daniel enters '/DLasso/2021**2021' into Where do we write the confirm password to user, Daniel clicks on Accept the terms of use, Daniel clicks on Accept the privacy and securiry policy]], Then Go back to the Utest home page select the login option and enter the access credentials the access credentials validate The last step [Then final step]]
[Test worker] WARN net.thucydides.core.steps.BaseStepListener - Final testOutcomes: [Register in the platform utest:Given Than Daniel want to register in to platform Utest [Daniel open up [Daniel opens the Utest page], Daniel join today [Daniel clicks on Button that show us the form to register]], When He enters the information requested in the Utest registration form
| strFristName | strLastName | strEmail | strIdiom | strBrand | strModel | strOsVersion | strPassword | strCity | strZip | strCountry |
| Daniel | Lasso | danielLasso@gmail.com | spanish | Apple | iPhone 8 Plus | iOS 14.5.1 | /DLasso/2021**2021 | Bogotá | 00000 | Colombia | [Daniel register user [Daniel enters 'Daniel' into Where do we write the frist name to user, Daniel enters 'Lasso' into Where do we write the last name to user, Daniel enters 'danielLasso@gmail.com' into Where do we write the email to user, Daniel clicks on Where do we select the month of birth to user, Daniel clicks on Where do we select the day of birth to user, Daniel clicks on Where do we select the year of birth to user, Daniel enters 'spanish?' into Where do we select the languajes know the user, Daniel clicks on Button to next step in the form to register user, Daniel enters '00000' into Where do we select the ZIP Code, Daniel clicks on Button to second step in the form to register user, Daniel clicks on Select brand movile user, Daniel enters 'Apple?' into Write, Daniel clicks on Select brand movile user, Daniel enters 'iPhone 8 Plus?' into Write Model to device , Daniel clicks on Select OS movile user, Daniel enters 'iOS 14.5.1?' into Write OS vertions to device , Daniel clicks on Button to last step in the form to register user, Daniel enters '/DLasso/2021**2021' into Where do we write the password to user, Daniel enters '/DLasso/2021**2021' into Where do we write the confirm password to user, Daniel clicks on Accept the terms of use, Daniel clicks on Accept the privacy and securiry policy]], Then Go back to the Utest home page select the login option and enter the access credentials the access credentials validate The last step [Then final step]]
[Test worker] INFO net.thucydides.core.steps.ConsoleLoggingListener - 
        __    _____ _____ ____ _____   ____   _    ____  ____  _____ ____  
  _     \ \  |_   _| ____/ ___|_   _| |  _ \ / \  / ___|/ ___|| ____|  _ \ 
 (_)_____| |   | | |  _| \___ \ | |   | |_) / _ \ \___ \\___ \|  _| | | | |
  _|_____| |   | | | |___ ___) || |   |  __/ ___ \ ___) |___) | |___| |_| |
 (_)     | |   |_| |_____|____/ |_|   |_| /_/   \_\____/|____/|_____|____/ 
        /_/                                                                

TEST PASSED: Register in the platform utest
----------------------------------------------------------------------------
]]></system-err>
</testsuite>
